#
# There is insufficient memory for the Java Runtime Environment to continue.
# Native memory allocation (malloc) failed to allocate 627696 bytes for Chunk::new
# Possible reasons:
#   The system is out of physical RAM or swap space
#   The process is running with CompressedOops enabled, and the Java Heap may be blocking the growth of the native heap
# Possible solutions:
#   Reduce memory load on the system
#   Increase physical memory or swap space
#   Check if swap backing store is full
#   Decrease Java heap size (-Xmx/-Xms)
#   Decrease number of Java threads
#   Decrease Java thread stack sizes (-Xss)
#   Set larger code cache with -XX:ReservedCodeCacheSize=
#   JVM is running with Unscaled Compressed Oops mode in which the Java heap is
#     placed in the first 4GB address space. The Java Heap base address is the
#     maximum limit for the native heap growth. Please use -XX:HeapBaseMinAddress
#     to set the Java Heap base and to place the Java Heap above 4GB virtual address.
# This output file may be truncated or incomplete.
#
#  Out of Memory Error (t:/workspace/open/src/hotspot/share/memory/arena.cpp:197), pid=8524, tid=5072
#
# JRE version: Java(TM) SE Runtime Environment (12.0.2+10) (build 12.0.2+10)
# Java VM: Java HotSpot(TM) 64-Bit Server VM (12.0.2+10, mixed mode, sharing, tiered, compressed oops, g1 gc, windows-amd64)
# No core dump will be written. Minidumps are not enabled by default on client versions of Windows
#

---------------  S U M M A R Y ------------

Command Line: --add-opens=java.base/java.util=ALL-UNNAMED --add-opens=java.base/java.lang=ALL-UNNAMED --add-opens=java.base/java.lang.invoke=ALL-UNNAMED --add-opens=java.prefs/java.util.prefs=ALL-UNNAMED -XX:MaxMetaspaceSize=256m -XX:+HeapDumpOnOutOfMemoryError -Xms256m -Xmx512m -Dfile.encoding=windows-1251 -Duser.country=RU -Duser.language=ru -Duser.variant org.gradle.launcher.daemon.bootstrap.GradleDaemon 6.7

Host: Intel(R) Core(TM) i5-8265U CPU @ 1.60GHz, 8 cores, 7G,  Windows 10 , 64 bit Build 19041 (10.0.19041.928)
Time: Sun May 30 22:11:03 2021 ¡ÂÎ‡ÛÒ¸ (ÁËÏ‡) elapsed time: 27 seconds (0d 0h 0m 27s)

---------------  T H R E A D  ---------------

Current thread (0x0000029167cab000):  JavaThread "C2 CompilerThread0" daemon [_thread_in_native, id=5072, stack(0x000000c5f7600000,0x000000c5f7700000)]


Current CompileTask:
C2:  27582 4963       4       org.gradle.internal.reflect.MethodSet::add (50 bytes)

Stack: [0x000000c5f7600000,0x000000c5f7700000]
Native frames: (J=compiled Java code, j=interpreted, Vv=VM code, C=native code)
V  [jvm.dll+0x63aa2a]
V  [jvm.dll+0x78ce1e]
V  [jvm.dll+0x78e4c1]
V  [jvm.dll+0x78eb13]
V  [jvm.dll+0x2627e8]
V  [jvm.dll+0xc55cc]
V  [jvm.dll+0xc5b4c]
V  [jvm.dll+0x37a677]
V  [jvm.dll+0x1af2d0]
V  [jvm.dll+0x21c312]
V  [jvm.dll+0x21b3da]
V  [jvm.dll+0x199a20]
V  [jvm.dll+0x22a744]
V  [jvm.dll+0x228d98]
V  [jvm.dll+0x7512a0]
V  [jvm.dll+0x74a2c8]
V  [jvm.dll+0x639b16]
C  [ucrtbase.dll+0x21bb2]
C  [KERNEL32.DLL+0x17034]
C  [ntdll.dll+0x52651]


---------------  P R O C E S S  ---------------

Threads class SMR info:
_java_thread_list=0x000002916c31b7e0, length=65, elements={
0x000002914c825800, 0x0000029167c8a000, 0x0000029167c8b000, 0x0000029167ca7800,
0x0000029167ca9800, 0x0000029167cab000, 0x0000029167cae000, 0x0000029167cb1800,
0x0000029168712000, 0x000002916871f000, 0x00000291694ef800, 0x00000291697ee000,
0x00000291692d6800, 0x000002916a08d000, 0x00000291699b1800, 0x0000029169765000,
0x0000029168a10800, 0x0000029169d22000, 0x000002916a176000, 0x0000029169d1d800,
0x000002916a306000, 0x000002916a307800, 0x000002916a308800, 0x000002916a309800,
0x000002916a30a000, 0x000002916a30b000, 0x000002916a305800, 0x000002916a30c000,
0x000002916a307000, 0x000002916aa49800, 0x000002916aa48000, 0x000002916aa4c000,
0x000002916aa46800, 0x000002916aa4d000, 0x000002916aa47800, 0x000002916aa50800,
0x000002916aa52000, 0x000002916aa51000, 0x000002916aa4e000, 0x000002916aa4e800,
0x000002916aa52800, 0x000002916aa4f800, 0x000002916a8f4800, 0x000002916a8f9000,
0x000002916a8f8800, 0x000002916a8fa000, 0x000002916a8fb000, 0x000002916a8f5000,
0x000002916a8fb800, 0x000002916a8f6000, 0x000002916a8fc800, 0x000002916a8f6800,
0x000002916a8fd800, 0x000002916a8f7800, 0x000002916a901800, 0x000002916a900800,
0x000002916a8ff800, 0x000002916a903000, 0x000002916a8fe000, 0x000002916a8ff000,
0x000002916957f800, 0x0000029169580000, 0x000002916957e800, 0x000002916957d800,
0x000002916957d000
}

Java Threads: ( => current thread )
  0x000002914c825800 JavaThread "main" [_thread_blocked, id=13240, stack(0x000000c5f6b00000,0x000000c5f6c00000)]
  0x0000029167c8a000 JavaThread "Reference Handler" daemon [_thread_blocked, id=5344, stack(0x000000c5f7200000,0x000000c5f7300000)]
  0x0000029167c8b000 JavaThread "Finalizer" daemon [_thread_blocked, id=12172, stack(0x000000c5f7300000,0x000000c5f7400000)]
  0x0000029167ca7800 JavaThread "Signal Dispatcher" daemon [_thread_blocked, id=7012, stack(0x000000c5f7400000,0x000000c5f7500000)]
  0x0000029167ca9800 JavaThread "Attach Listener" daemon [_thread_blocked, id=9188, stack(0x000000c5f7500000,0x000000c5f7600000)]
=>0x0000029167cab000 JavaThread "C2 CompilerThread0" daemon [_thread_in_native, id=5072, stack(0x000000c5f7600000,0x000000c5f7700000)]
  0x0000029167cae000 JavaThread "C1 CompilerThread0" daemon [_thread_blocked, id=2920, stack(0x000000c5f7700000,0x000000c5f7800000)]
  0x0000029167cb1800 JavaThread "Sweeper thread" daemon [_thread_blocked, id=12884, stack(0x000000c5f7800000,0x000000c5f7900000)]
  0x0000029168712000 JavaThread "Common-Cleaner" daemon [_thread_blocked, id=4540, stack(0x000000c5f7900000,0x000000c5f7a00000)]
  0x000002916871f000 JavaThread "Service Thread" daemon [_thread_blocked, id=8792, stack(0x000000c5f7a00000,0x000000c5f7b00000)]
  0x00000291694ef800 JavaThread "Daemon health stats" [_thread_blocked, id=7536, stack(0x000000c5f7c00000,0x000000c5f7d00000)]
  0x00000291697ee000 JavaThread "Incoming local TCP Connector on port 55360" [_thread_in_native, id=5468, stack(0x000000c5f8400000,0x000000c5f8500000)]
  0x00000291692d6800 JavaThread "Daemon periodic checks" [_thread_blocked, id=10496, stack(0x000000c5f8500000,0x000000c5f8600000)]
  0x000002916a08d000 JavaThread "Daemon" [_thread_blocked, id=3764, stack(0x000000c5f8600000,0x000000c5f8700000)]
  0x00000291699b1800 JavaThread "Handler for socket connection from /127.0.0.1:55360 to /127.0.0.1:55361" [_thread_in_native, id=1796, stack(0x000000c5f8700000,0x000000c5f8800000)]
  0x0000029169765000 JavaThread "Cancel handler" [_thread_blocked, id=2836, stack(0x000000c5f8800000,0x000000c5f8900000)]
  0x0000029168a10800 JavaThread "Daemon worker" [_thread_blocked, id=8540, stack(0x000000c5f8900000,0x000000c5f8a00000)]
  0x0000029169d22000 JavaThread "Asynchronous log dispatcher for DefaultDaemonConnection: socket connection from /127.0.0.1:55360 to /127.0.0.1:55361" [_thread_blocked, id=7460, stack(0x000000c5f8a00000,0x000000c5f8b00000)]
  0x000002916a176000 JavaThread "Stdin handler" [_thread_blocked, id=11216, stack(0x000000c5f8b00000,0x000000c5f8c00000)]
  0x0000029169d1d800 JavaThread "Thread-8" [_thread_blocked, id=2316, stack(0x000000c5f8c00000,0x000000c5f8d00000)]
  0x000002916a306000 JavaThread "Cache worker for file hash cache (C:\Users\–ï–ª–∏–∑–∞–≤–µ—Ç–∞\.gradle\caches\6.7\fileHashes)" [_thread_blocked, id=2540, stack(0x000000c5f8d00000,0x000000c5f8e00000)]
  0x000002916a307800 JavaThread "File lock request listener" [_thread_in_native, id=9836, stack(0x000000c5f8e00000,0x000000c5f8f00000)]
  0x000002916a308800 JavaThread "File lock release action executor" [_thread_blocked, id=7496, stack(0x000000c5f8f00000,0x000000c5f9000000)]
  0x000002916a309800 JavaThread "Cache worker for journal cache (C:\Users\–ï–ª–∏–∑–∞–≤–µ—Ç–∞\.gradle\caches\journal-1)" [_thread_blocked, id=7824, stack(0x000000c5f9000000,0x000000c5f9100000)]
  0x000002916a30a000 JavaThread "Cache worker for file hash cache (D:\–£—á—ë–±–∞\2 –∫—É—Ä—Å\2 —Å–µ–º–µ—Å—Ç—Ä\–æ–æ–ø\oop-lab4-1\.gradle\6.7\fileHashes)" [_thread_blocked, id=10848, stack(0x000000c5f9100000,0x000000c5f9200000)]
  0x000002916a30b000 JavaThread "Cache worker for checksums cache (D:\–£—á—ë–±–∞\2 –∫—É—Ä—Å\2 —Å–µ–º–µ—Å—Ç—Ä\–æ–æ–ø\oop-lab4-1\.gradle\checksums)" [_thread_blocked, id=3180, stack(0x000000c5f9400000,0x000000c5f9500000)]
  0x000002916a305800 JavaThread "Cache worker for cache directory md-supplier (C:\Users\–ï–ª–∏–∑–∞–≤–µ—Ç–∞\.gradle\caches\6.7\md-supplier)" [_thread_blocked, id=8504, stack(0x000000c5f9500000,0x000000c5f9600000)]
  0x000002916a30c000 JavaThread "Cache worker for cache directory md-rule (C:\Users\–ï–ª–∏–∑–∞–≤–µ—Ç–∞\.gradle\caches\6.7\md-rule)" [_thread_blocked, id=9416, stack(0x000000c5f9600000,0x000000c5f9700000)]
  0x000002916a307000 JavaThread "Cache worker for execution history cache (C:\Users\–ï–ª–∏–∑–∞–≤–µ—Ç–∞\.gradle\caches\6.7\executionHistory)" [_thread_blocked, id=3420, stack(0x000000c5f9700000,0x000000c5f9800000)]
  0x000002916aa49800 JavaThread "jar transforms" [_thread_blocked, id=6608, stack(0x000000c5f9900000,0x000000c5f9a00000)]
  0x000002916aa48000 JavaThread "Cache worker for file content cache (C:\Users\–ï–ª–∏–∑–∞–≤–µ—Ç–∞\.gradle\caches\6.7\fileContent)" [_thread_blocked, id=2200, stack(0x000000c5f9a00000,0x000000c5f9b00000)]
  0x000002916aa4c000 JavaThread "Cache worker for Build Output Cleanup Cache (D:\–£—á—ë–±–∞\2 –∫—É—Ä—Å\2 —Å–µ–º–µ—Å—Ç—Ä\–æ–æ–ø\oop-lab4-1\.gradle\buildOutputCleanup)" [_thread_blocked, id=10308, stack(0x000000c5f9b00000,0x000000c5f9c00000)]
  0x000002916aa46800 JavaThread "Build operations" [_thread_blocked, id=10540, stack(0x000000c5f9c00000,0x000000c5f9d00000)]
  0x000002916aa4d000 JavaThread "Build operations Thread 2" [_thread_blocked, id=1448, stack(0x000000c5f9d00000,0x000000c5f9e00000)]
  0x000002916aa47800 JavaThread "Build operations Thread 3" [_thread_blocked, id=11272, stack(0x000000c5f9e00000,0x000000c5f9f00000)]
  0x000002916aa50800 JavaThread "Build operations Thread 4" [_thread_blocked, id=10624, stack(0x000000c5f9f00000,0x000000c5fa000000)]
  0x000002916aa52000 JavaThread "Build operations Thread 5" [_thread_blocked, id=12176, stack(0x000000c5fa000000,0x000000c5fa100000)]
  0x000002916aa51000 JavaThread "Build operations Thread 6" [_thread_blocked, id=1180, stack(0x000000c5fa100000,0x000000c5fa200000)]
  0x000002916aa4e000 JavaThread "Build operations Thread 7" [_thread_blocked, id=10896, stack(0x000000c5fa200000,0x000000c5fa300000)]
  0x000002916aa4e800 JavaThread "Build operations Thread 8" [_thread_blocked, id=7200, stack(0x000000c5fa300000,0x000000c5fa400000)]
  0x000002916aa52800 JavaThread "jar transforms Thread 2" [_thread_blocked, id=9676, stack(0x000000c5fa400000,0x000000c5fa500000)]
  0x000002916aa4f800 JavaThread "jar transforms Thread 3" [_thread_blocked, id=8324, stack(0x000000c5fa500000,0x000000c5fa600000)]
  0x000002916a8f4800 JavaThread "jar transforms Thread 4" [_thread_blocked, id=2740, stack(0x000000c5fa600000,0x000000c5fa700000)]
  0x000002916a8f9000 JavaThread "jar transforms Thread 5" [_thread_blocked, id=11000, stack(0x000000c5fa700000,0x000000c5fa800000)]
  0x000002916a8f8800 JavaThread "jar transforms Thread 6" [_thread_blocked, id=11128, stack(0x000000c5fa800000,0x000000c5fa900000)]
  0x000002916a8fa000 JavaThread "jar transforms Thread 7" [_thread_blocked, id=10672, stack(0x000000c5fa900000,0x000000c5faa00000)]
  0x000002916a8fb000 JavaThread "jar transforms Thread 8" [_thread_blocked, id=12376, stack(0x000000c5faa00000,0x000000c5fab00000)]
  0x000002916a8f5000 JavaThread "jar transforms Thread 9" [_thread_blocked, id=380, stack(0x000000c5fab00000,0x000000c5fac00000)]
  0x000002916a8fb800 JavaThread "jar transforms Thread 10" [_thread_blocked, id=12588, stack(0x000000c5fac00000,0x000000c5fad00000)]
  0x000002916a8f6000 JavaThread "jar transforms Thread 11" [_thread_blocked, id=9396, stack(0x000000c5fad00000,0x000000c5fae00000)]
  0x000002916a8fc800 JavaThread "jar transforms Thread 12" [_thread_blocked, id=11352, stack(0x000000c5fae00000,0x000000c5faf00000)]
  0x000002916a8f6800 JavaThread "jar transforms Thread 13" [_thread_blocked, id=7620, stack(0x000000c5faf00000,0x000000c5fb000000)]
  0x000002916a8fd800 JavaThread "jar transforms Thread 14" [_thread_blocked, id=2816, stack(0x000000c5fb000000,0x000000c5fb100000)]
  0x000002916a8f7800 JavaThread "jar transforms Thread 15" [_thread_blocked, id=12348, stack(0x000000c5fb100000,0x000000c5fb200000)]
  0x000002916a901800 JavaThread "jar transforms Thread 16" [_thread_blocked, id=11308, stack(0x000000c5fb200000,0x000000c5fb300000)]
  0x000002916a900800 JavaThread "jar transforms Thread 17" [_thread_blocked, id=9088, stack(0x000000c5fb300000,0x000000c5fb400000)]
  0x000002916a8ff800 JavaThread "Memory manager" [_thread_blocked, id=1552, stack(0x000000c5fb400000,0x000000c5fb500000)]
  0x000002916a903000 JavaThread "Execution worker for ':'" [_thread_blocked, id=5164, stack(0x000000c5fb500000,0x000000c5fb600000)]
  0x000002916a8fe000 JavaThread "Execution worker for ':' Thread 2" [_thread_blocked, id=4228, stack(0x000000c5fb600000,0x000000c5fb700000)]
  0x000002916a8ff000 JavaThread "Execution worker for ':' Thread 3" [_thread_in_native, id=7112, stack(0x000000c5fb700000,0x000000c5fb800000)]
  0x000002916957f800 JavaThread "Execution worker for ':' Thread 4" [_thread_blocked, id=12212, stack(0x000000c5fb800000,0x000000c5fb900000)]
  0x0000029169580000 JavaThread "Execution worker for ':' Thread 5" [_thread_blocked, id=632, stack(0x000000c5fb900000,0x000000c5fba00000)]
  0x000002916957e800 JavaThread "Execution worker for ':' Thread 6" [_thread_blocked, id=4548, stack(0x000000c5fba00000,0x000000c5fbb00000)]
  0x000002916957d800 JavaThread "Execution worker for ':' Thread 7" [_thread_blocked, id=13048, stack(0x000000c5fbb00000,0x000000c5fbc00000)]
  0x000002916957d000 JavaThread "Cache worker for execution history cache (D:\–£—á—ë–±–∞\2 –∫—É—Ä—Å\2 —Å–µ–º–µ—Å—Ç—Ä\–æ–æ–ø\oop-lab4-1\.gradle\6.7\executionHistory)" [_thread_blocked, id=7184, stack(0x000000c5fbc00000,0x000000c5fbd00000)]

Other Threads:
  0x0000029167c87000 VMThread "VM Thread" [stack: 0x000000c5f7100000,0x000000c5f7200000] [id=1992]
  0x0000029168722000 WatcherThread [stack: 0x000000c5f7b00000,0x000000c5f7c00000] [id=12356]
  0x000002914c84a800 GCTaskThread "GC Thread#0" [stack: 0x000000c5f6c00000,0x000000c5f6d00000] [id=13236]
  0x000002916944e000 GCTaskThread "GC Thread#1" [stack: 0x000000c5f7d00000,0x000000c5f7e00000] [id=8840]
  0x0000029168968800 GCTaskThread "GC Thread#2" [stack: 0x000000c5f7e00000,0x000000c5f7f00000] [id=12612]
  0x000002916907a800 GCTaskThread "GC Thread#3" [stack: 0x000000c5f7f00000,0x000000c5f8000000] [id=10248]
  0x0000029168fde000 GCTaskThread "GC Thread#4" [stack: 0x000000c5f8000000,0x000000c5f8100000] [id=1488]
  0x0000029169439800 GCTaskThread "GC Thread#5" [stack: 0x000000c5f8100000,0x000000c5f8200000] [id=13184]
  0x000002916c61d800 GCTaskThread "GC Thread#6" [stack: 0x000000c5f9200000,0x000000c5f9300000] [id=4100]
  0x0000029169c1c000 GCTaskThread "GC Thread#7" [stack: 0x000000c5f9300000,0x000000c5f9400000] [id=9588]
  0x000002914c84f800 ConcurrentGCThread "G1 Main Marker" [stack: 0x000000c5f6d00000,0x000000c5f6e00000] [id=13112]
  0x000002914c852000 ConcurrentGCThread "G1 Conc#0" [stack: 0x000000c5f6e00000,0x000000c5f6f00000] [id=12756]
  0x000002916a3c7800 ConcurrentGCThread "G1 Conc#1" [stack: 0x000000c5f9800000,0x000000c5f9900000] [id=10280]
  0x0000029167b32800 ConcurrentGCThread "G1 Refine#0" [stack: 0x000000c5f6f00000,0x000000c5f7000000] [id=13020]
  0x0000029167b33000 ConcurrentGCThread "G1 Young RemSet Sampling" [stack: 0x000000c5f7000000,0x000000c5f7100000] [id=144]

Threads with active compile tasks:
C2 CompilerThread0  4963       4       org.gradle.internal.reflect.MethodSet::add (50 bytes)

VM state:not at safepoint (normal execution)

VM Mutex/Monitor currently owned by a thread: None

Heap address: 0x00000000e0000000, size: 512 MB, Compressed Oops mode: 32-bit
Narrow klass base: 0x0000000800000000, Narrow klass shift: 3
Compressed class space size: 260046848 Address: 0x0000000801190000

Heap:
 garbage-first heap   total 262144K, used 141613K [0x00000000e0000000, 0x0000000100000000)
  region size 1024K, 122 young (124928K), 7 survivors (7168K)
 Metaspace       used 43858K, capacity 45367K, committed 45520K, reserved 292864K
  class space    used 6164K, capacity 6731K, committed 6864K, reserved 253952K
Heap Regions: E=young(eden), S=young(survivor), O=old, HS=humongous(starts), HC=humongous(continues), CS=collection set, F=free, A=archive, TAMS=top-at-mark-start (previous, next)
|   0|0x00000000e0000000, 0x00000000e0100000, 0x00000000e0100000|100%| O|  |TAMS 0x00000000e0100000, 0x00000000e0000000| Untracked 
|   1|0x00000000e0100000, 0x00000000e0200000, 0x00000000e0200000|100%| O|  |TAMS 0x00000000e0200000, 0x00000000e0100000| Untracked 
|   2|0x00000000e0200000, 0x00000000e0300000, 0x00000000e0300000|100%| O|  |TAMS 0x00000000e0300000, 0x00000000e0200000| Untracked 
|   3|0x00000000e0300000, 0x00000000e0400000, 0x00000000e0400000|100%|HS|  |TAMS 0x00000000e0400000, 0x00000000e0300000| Complete 
|   4|0x00000000e0400000, 0x00000000e0500000, 0x00000000e0500000|100%|HC|  |TAMS 0x00000000e0500000, 0x00000000e0400000| Complete 
|   5|0x00000000e0500000, 0x00000000e0600000, 0x00000000e0600000|100%|HC|  |TAMS 0x00000000e0600000, 0x00000000e0500000| Complete 
|   6|0x00000000e0600000, 0x00000000e0700000, 0x00000000e0700000|100%| O|  |TAMS 0x00000000e0700000, 0x00000000e0600000| Untracked 
|   7|0x00000000e0700000, 0x00000000e0800000, 0x00000000e0800000|100%| O|  |TAMS 0x00000000e0800000, 0x00000000e0700000| Untracked 
|   8|0x00000000e0800000, 0x00000000e0900000, 0x00000000e0900000|100%| O|  |TAMS 0x00000000e0900000, 0x00000000e0800000| Untracked 
|   9|0x00000000e0900000, 0x00000000e0a00000, 0x00000000e0a00000|100%| O|  |TAMS 0x00000000e0a00000, 0x00000000e0900000| Untracked 
|  10|0x00000000e0a00000, 0x00000000e0b00000, 0x00000000e0b00000|100%| O|  |TAMS 0x00000000e0b00000, 0x00000000e0a00000| Untracked 
|  11|0x00000000e0b00000, 0x00000000e0c00000, 0x00000000e0c00000|100%| O|  |TAMS 0x00000000e0c00000, 0x00000000e0b00000| Untracked 
|  12|0x00000000e0c00000, 0x00000000e0d00000, 0x00000000e0d00000|100%| O|  |TAMS 0x00000000e0d00000, 0x00000000e0c00000| Untracked 
|  13|0x00000000e0d00000, 0x00000000e0e00000, 0x00000000e0e00000|100%| O|  |TAMS 0x00000000e0e00000, 0x00000000e0d00000| Untracked 
|  14|0x00000000e0e00000, 0x00000000e0f00000, 0x00000000e0f00000|100%| O|  |TAMS 0x00000000e0f00000, 0x00000000e0e00000| Untracked 
|  15|0x00000000e0f00000, 0x00000000e1000000, 0x00000000e1000000|100%| O|  |TAMS 0x00000000e1000000, 0x00000000e0f00000| Untracked 
|  16|0x00000000e1000000, 0x00000000e1100000, 0x00000000e1100000|100%| O|  |TAMS 0x00000000e1100000, 0x00000000e1000000| Untracked 
|  17|0x00000000e1100000, 0x00000000e118c600, 0x00000000e1200000| 54%| O|  |TAMS 0x00000000e118c600, 0x00000000e1100000| Untracked 
|  18|0x00000000e1200000, 0x00000000e1200000, 0x00000000e1300000|  0%| F|  |TAMS 0x00000000e1200000, 0x00000000e1200000| Untracked 
|  19|0x00000000e1300000, 0x00000000e1300000, 0x00000000e1400000|  0%| F|  |TAMS 0x00000000e1300000, 0x00000000e1300000| Untracked 
|  20|0x00000000e1400000, 0x00000000e1400000, 0x00000000e1500000|  0%| F|  |TAMS 0x00000000e1400000, 0x00000000e1400000| Untracked 
|  21|0x00000000e1500000, 0x00000000e1500000, 0x00000000e1600000|  0%| F|  |TAMS 0x00000000e1500000, 0x00000000e1500000| Untracked 
|  22|0x00000000e1600000, 0x00000000e1600000, 0x00000000e1700000|  0%| F|  |TAMS 0x00000000e1600000, 0x00000000e1600000| Untracked 
|  23|0x00000000e1700000, 0x00000000e1700000, 0x00000000e1800000|  0%| F|  |TAMS 0x00000000e1700000, 0x00000000e1700000| Untracked 
|  24|0x00000000e1800000, 0x00000000e1800000, 0x00000000e1900000|  0%| F|  |TAMS 0x00000000e1800000, 0x00000000e1800000| Untracked 
|  25|0x00000000e1900000, 0x00000000e1900000, 0x00000000e1a00000|  0%| F|  |TAMS 0x00000000e1900000, 0x00000000e1900000| Untracked 
|  26|0x00000000e1a00000, 0x00000000e1a00000, 0x00000000e1b00000|  0%| F|  |TAMS 0x00000000e1a00000, 0x00000000e1a00000| Untracked 
|  27|0x00000000e1b00000, 0x00000000e1b00000, 0x00000000e1c00000|  0%| F|  |TAMS 0x00000000e1b00000, 0x00000000e1b00000| Untracked 
|  28|0x00000000e1c00000, 0x00000000e1c00000, 0x00000000e1d00000|  0%| F|  |TAMS 0x00000000e1c00000, 0x00000000e1c00000| Untracked 
|  29|0x00000000e1d00000, 0x00000000e1d00000, 0x00000000e1e00000|  0%| F|  |TAMS 0x00000000e1d00000, 0x00000000e1d00000| Untracked 
|  30|0x00000000e1e00000, 0x00000000e1e00000, 0x00000000e1f00000|  0%| F|  |TAMS 0x00000000e1e00000, 0x00000000e1e00000| Untracked 
|  31|0x00000000e1f00000, 0x00000000e1f00000, 0x00000000e2000000|  0%| F|  |TAMS 0x00000000e1f00000, 0x00000000e1f00000| Untracked 
|  32|0x00000000e2000000, 0x00000000e2000000, 0x00000000e2100000|  0%| F|  |TAMS 0x00000000e2000000, 0x00000000e2000000| Untracked 
|  33|0x00000000e2100000, 0x00000000e2100000, 0x00000000e2200000|  0%| F|  |TAMS 0x00000000e2100000, 0x00000000e2100000| Untracked 
|  34|0x00000000e2200000, 0x00000000e2200000, 0x00000000e2300000|  0%| F|  |TAMS 0x00000000e2200000, 0x00000000e2200000| Untracked 
|  35|0x00000000e2300000, 0x00000000e2300000, 0x00000000e2400000|  0%| F|  |TAMS 0x00000000e2300000, 0x00000000e2300000| Untracked 
|  36|0x00000000e2400000, 0x00000000e2400000, 0x00000000e2500000|  0%| F|  |TAMS 0x00000000e2400000, 0x00000000e2400000| Untracked 
|  37|0x00000000e2500000, 0x00000000e2500000, 0x00000000e2600000|  0%| F|  |TAMS 0x00000000e2500000, 0x00000000e2500000| Untracked 
|  38|0x00000000e2600000, 0x00000000e2600000, 0x00000000e2700000|  0%| F|  |TAMS 0x00000000e2600000, 0x00000000e2600000| Untracked 
|  39|0x00000000e2700000, 0x00000000e2700000, 0x00000000e2800000|  0%| F|  |TAMS 0x00000000e2700000, 0x00000000e2700000| Untracked 
|  40|0x00000000e2800000, 0x00000000e2800000, 0x00000000e2900000|  0%| F|  |TAMS 0x00000000e2800000, 0x00000000e2800000| Untracked 
|  41|0x00000000e2900000, 0x00000000e2900000, 0x00000000e2a00000|  0%| F|  |TAMS 0x00000000e2900000, 0x00000000e2900000| Untracked 
|  42|0x00000000e2a00000, 0x00000000e2a00000, 0x00000000e2b00000|  0%| F|  |TAMS 0x00000000e2a00000, 0x00000000e2a00000| Untracked 
|  43|0x00000000e2b00000, 0x00000000e2b00000, 0x00000000e2c00000|  0%| F|  |TAMS 0x00000000e2b00000, 0x00000000e2b00000| Untracked 
|  44|0x00000000e2c00000, 0x00000000e2c00000, 0x00000000e2d00000|  0%| F|  |TAMS 0x00000000e2c00000, 0x00000000e2c00000| Untracked 
|  45|0x00000000e2d00000, 0x00000000e2d00000, 0x00000000e2e00000|  0%| F|  |TAMS 0x00000000e2d00000, 0x00000000e2d00000| Untracked 
|  46|0x00000000e2e00000, 0x00000000e2e00000, 0x00000000e2f00000|  0%| F|  |TAMS 0x00000000e2e00000, 0x00000000e2e00000| Untracked 
|  47|0x00000000e2f00000, 0x00000000e2f00000, 0x00000000e3000000|  0%| F|  |TAMS 0x00000000e2f00000, 0x00000000e2f00000| Untracked 
|  48|0x00000000e3000000, 0x00000000e3000000, 0x00000000e3100000|  0%| F|  |TAMS 0x00000000e3000000, 0x00000000e3000000| Untracked 
|  49|0x00000000e3100000, 0x00000000e3100000, 0x00000000e3200000|  0%| F|  |TAMS 0x00000000e3100000, 0x00000000e3100000| Untracked 
|  50|0x00000000e3200000, 0x00000000e3200000, 0x00000000e3300000|  0%| F|  |TAMS 0x00000000e3200000, 0x00000000e3200000| Untracked 
|  51|0x00000000e3300000, 0x00000000e3300000, 0x00000000e3400000|  0%| F|  |TAMS 0x00000000e3300000, 0x00000000e3300000| Untracked 
|  52|0x00000000e3400000, 0x00000000e3400000, 0x00000000e3500000|  0%| F|  |TAMS 0x00000000e3400000, 0x00000000e3400000| Untracked 
|  53|0x00000000e3500000, 0x00000000e3500000, 0x00000000e3600000|  0%| F|  |TAMS 0x00000000e3500000, 0x00000000e3500000| Untracked 
|  54|0x00000000e3600000, 0x00000000e3600000, 0x00000000e3700000|  0%| F|  |TAMS 0x00000000e3600000, 0x00000000e3600000| Untracked 
|  55|0x00000000e3700000, 0x00000000e3700000, 0x00000000e3800000|  0%| F|  |TAMS 0x00000000e3700000, 0x00000000e3700000| Untracked 
|  56|0x00000000e3800000, 0x00000000e3800000, 0x00000000e3900000|  0%| F|  |TAMS 0x00000000e3800000, 0x00000000e3800000| Untracked 
|  57|0x00000000e3900000, 0x00000000e3900000, 0x00000000e3a00000|  0%| F|  |TAMS 0x00000000e3900000, 0x00000000e3900000| Untracked 
|  58|0x00000000e3a00000, 0x00000000e3a00000, 0x00000000e3b00000|  0%| F|  |TAMS 0x00000000e3a00000, 0x00000000e3a00000| Untracked 
|  59|0x00000000e3b00000, 0x00000000e3b00000, 0x00000000e3c00000|  0%| F|  |TAMS 0x00000000e3b00000, 0x00000000e3b00000| Untracked 
|  60|0x00000000e3c00000, 0x00000000e3c00000, 0x00000000e3d00000|  0%| F|  |TAMS 0x00000000e3c00000, 0x00000000e3c00000| Untracked 
|  61|0x00000000e3d00000, 0x00000000e3d00000, 0x00000000e3e00000|  0%| F|  |TAMS 0x00000000e3d00000, 0x00000000e3d00000| Untracked 
|  62|0x00000000e3e00000, 0x00000000e3e00000, 0x00000000e3f00000|  0%| F|  |TAMS 0x00000000e3e00000, 0x00000000e3e00000| Untracked 
|  63|0x00000000e3f00000, 0x00000000e3f00000, 0x00000000e4000000|  0%| F|  |TAMS 0x00000000e3f00000, 0x00000000e3f00000| Untracked 
|  64|0x00000000e4000000, 0x00000000e4000000, 0x00000000e4100000|  0%| F|  |TAMS 0x00000000e4000000, 0x00000000e4000000| Untracked 
|  65|0x00000000e4100000, 0x00000000e4100000, 0x00000000e4200000|  0%| F|  |TAMS 0x00000000e4100000, 0x00000000e4100000| Untracked 
|  66|0x00000000e4200000, 0x00000000e4200000, 0x00000000e4300000|  0%| F|  |TAMS 0x00000000e4200000, 0x00000000e4200000| Untracked 
|  67|0x00000000e4300000, 0x00000000e4300000, 0x00000000e4400000|  0%| F|  |TAMS 0x00000000e4300000, 0x00000000e4300000| Untracked 
|  68|0x00000000e4400000, 0x00000000e4400000, 0x00000000e4500000|  0%| F|  |TAMS 0x00000000e4400000, 0x00000000e4400000| Untracked 
|  69|0x00000000e4500000, 0x00000000e4500000, 0x00000000e4600000|  0%| F|  |TAMS 0x00000000e4500000, 0x00000000e4500000| Untracked 
|  70|0x00000000e4600000, 0x00000000e4600000, 0x00000000e4700000|  0%| F|  |TAMS 0x00000000e4600000, 0x00000000e4600000| Untracked 
|  71|0x00000000e4700000, 0x00000000e4700000, 0x00000000e4800000|  0%| F|  |TAMS 0x00000000e4700000, 0x00000000e4700000| Untracked 
|  72|0x00000000e4800000, 0x00000000e4800000, 0x00000000e4900000|  0%| F|  |TAMS 0x00000000e4800000, 0x00000000e4800000| Untracked 
|  73|0x00000000e4900000, 0x00000000e4900000, 0x00000000e4a00000|  0%| F|  |TAMS 0x00000000e4900000, 0x00000000e4900000| Untracked 
|  74|0x00000000e4a00000, 0x00000000e4a00000, 0x00000000e4b00000|  0%| F|  |TAMS 0x00000000e4a00000, 0x00000000e4a00000| Untracked 
|  75|0x00000000e4b00000, 0x00000000e4b00000, 0x00000000e4c00000|  0%| F|  |TAMS 0x00000000e4b00000, 0x00000000e4b00000| Untracked 
|  76|0x00000000e4c00000, 0x00000000e4c00000, 0x00000000e4d00000|  0%| F|  |TAMS 0x00000000e4c00000, 0x00000000e4c00000| Untracked 
|  77|0x00000000e4d00000, 0x00000000e4d00000, 0x00000000e4e00000|  0%| F|  |TAMS 0x00000000e4d00000, 0x00000000e4d00000| Untracked 
|  78|0x00000000e4e00000, 0x00000000e4e00000, 0x00000000e4f00000|  0%| F|  |TAMS 0x00000000e4e00000, 0x00000000e4e00000| Untracked 
|  79|0x00000000e4f00000, 0x00000000e4f00000, 0x00000000e5000000|  0%| F|  |TAMS 0x00000000e4f00000, 0x00000000e4f00000| Untracked 
|  80|0x00000000e5000000, 0x00000000e5000000, 0x00000000e5100000|  0%| F|  |TAMS 0x00000000e5000000, 0x00000000e5000000| Untracked 
|  81|0x00000000e5100000, 0x00000000e5100000, 0x00000000e5200000|  0%| F|  |TAMS 0x00000000e5100000, 0x00000000e5100000| Untracked 
|  82|0x00000000e5200000, 0x00000000e5200000, 0x00000000e5300000|  0%| F|  |TAMS 0x00000000e5200000, 0x00000000e5200000| Untracked 
|  83|0x00000000e5300000, 0x00000000e5300000, 0x00000000e5400000|  0%| F|  |TAMS 0x00000000e5300000, 0x00000000e5300000| Untracked 
|  84|0x00000000e5400000, 0x00000000e5400000, 0x00000000e5500000|  0%| F|  |TAMS 0x00000000e5400000, 0x00000000e5400000| Untracked 
|  85|0x00000000e5500000, 0x00000000e5500000, 0x00000000e5600000|  0%| F|  |TAMS 0x00000000e5500000, 0x00000000e5500000| Untracked 
|  86|0x00000000e5600000, 0x00000000e5600000, 0x00000000e5700000|  0%| F|  |TAMS 0x00000000e5600000, 0x00000000e5600000| Untracked 
|  87|0x00000000e5700000, 0x00000000e5700000, 0x00000000e5800000|  0%| F|  |TAMS 0x00000000e5700000, 0x00000000e5700000| Untracked 
|  88|0x00000000e5800000, 0x00000000e5800000, 0x00000000e5900000|  0%| F|  |TAMS 0x00000000e5800000, 0x00000000e5800000| Untracked 
|  89|0x00000000e5900000, 0x00000000e5900000, 0x00000000e5a00000|  0%| F|  |TAMS 0x00000000e5900000, 0x00000000e5900000| Untracked 
|  90|0x00000000e5a00000, 0x00000000e5a00000, 0x00000000e5b00000|  0%| F|  |TAMS 0x00000000e5a00000, 0x00000000e5a00000| Untracked 
|  91|0x00000000e5b00000, 0x00000000e5b00000, 0x00000000e5c00000|  0%| F|  |TAMS 0x00000000e5b00000, 0x00000000e5b00000| Untracked 
|  92|0x00000000e5c00000, 0x00000000e5c00000, 0x00000000e5d00000|  0%| F|  |TAMS 0x00000000e5c00000, 0x00000000e5c00000| Untracked 
|  93|0x00000000e5d00000, 0x00000000e5d00000, 0x00000000e5e00000|  0%| F|  |TAMS 0x00000000e5d00000, 0x00000000e5d00000| Untracked 
|  94|0x00000000e5e00000, 0x00000000e5e00000, 0x00000000e5f00000|  0%| F|  |TAMS 0x00000000e5e00000, 0x00000000e5e00000| Untracked 
|  95|0x00000000e5f00000, 0x00000000e5f00000, 0x00000000e6000000|  0%| F|  |TAMS 0x00000000e5f00000, 0x00000000e5f00000| Untracked 
|  96|0x00000000e6000000, 0x00000000e6000000, 0x00000000e6100000|  0%| F|  |TAMS 0x00000000e6000000, 0x00000000e6000000| Untracked 
|  97|0x00000000e6100000, 0x00000000e6100000, 0x00000000e6200000|  0%| F|  |TAMS 0x00000000e6100000, 0x00000000e6100000| Untracked 
|  98|0x00000000e6200000, 0x00000000e6200000, 0x00000000e6300000|  0%| F|  |TAMS 0x00000000e6200000, 0x00000000e6200000| Untracked 
|  99|0x00000000e6300000, 0x00000000e6300000, 0x00000000e6400000|  0%| F|  |TAMS 0x00000000e6300000, 0x00000000e6300000| Untracked 
| 100|0x00000000e6400000, 0x00000000e6400000, 0x00000000e6500000|  0%| F|  |TAMS 0x00000000e6400000, 0x00000000e6400000| Untracked 
| 101|0x00000000e6500000, 0x00000000e6500000, 0x00000000e6600000|  0%| F|  |TAMS 0x00000000e6500000, 0x00000000e6500000| Untracked 
| 102|0x00000000e6600000, 0x00000000e6600000, 0x00000000e6700000|  0%| F|  |TAMS 0x00000000e6600000, 0x00000000e6600000| Untracked 
| 103|0x00000000e6700000, 0x00000000e6700000, 0x00000000e6800000|  0%| F|  |TAMS 0x00000000e6700000, 0x00000000e6700000| Untracked 
| 104|0x00000000e6800000, 0x00000000e6800000, 0x00000000e6900000|  0%| F|  |TAMS 0x00000000e6800000, 0x00000000e6800000| Untracked 
| 105|0x00000000e6900000, 0x00000000e6900000, 0x00000000e6a00000|  0%| F|  |TAMS 0x00000000e6900000, 0x00000000e6900000| Untracked 
| 106|0x00000000e6a00000, 0x00000000e6a00000, 0x00000000e6b00000|  0%| F|  |TAMS 0x00000000e6a00000, 0x00000000e6a00000| Untracked 
| 107|0x00000000e6b00000, 0x00000000e6b00000, 0x00000000e6c00000|  0%| F|  |TAMS 0x00000000e6b00000, 0x00000000e6b00000| Untracked 
| 108|0x00000000e6c00000, 0x00000000e6c00000, 0x00000000e6d00000|  0%| F|  |TAMS 0x00000000e6c00000, 0x00000000e6c00000| Untracked 
| 109|0x00000000e6d00000, 0x00000000e6d00000, 0x00000000e6e00000|  0%| F|  |TAMS 0x00000000e6d00000, 0x00000000e6d00000| Untracked 
| 110|0x00000000e6e00000, 0x00000000e6e00000, 0x00000000e6f00000|  0%| F|  |TAMS 0x00000000e6e00000, 0x00000000e6e00000| Untracked 
| 111|0x00000000e6f00000, 0x00000000e6f00000, 0x00000000e7000000|  0%| F|  |TAMS 0x00000000e6f00000, 0x00000000e6f00000| Untracked 
| 112|0x00000000e7000000, 0x00000000e7000000, 0x00000000e7100000|  0%| F|  |TAMS 0x00000000e7000000, 0x00000000e7000000| Untracked 
| 113|0x00000000e7100000, 0x00000000e7100000, 0x00000000e7200000|  0%| F|  |TAMS 0x00000000e7100000, 0x00000000e7100000| Untracked 
| 114|0x00000000e7200000, 0x00000000e7200000, 0x00000000e7300000|  0%| F|  |TAMS 0x00000000e7200000, 0x00000000e7200000| Untracked 
| 115|0x00000000e7300000, 0x00000000e7300000, 0x00000000e7400000|  0%| F|  |TAMS 0x00000000e7300000, 0x00000000e7300000| Untracked 
| 116|0x00000000e7400000, 0x00000000e7400000, 0x00000000e7500000|  0%| F|  |TAMS 0x00000000e7400000, 0x00000000e7400000| Untracked 
| 117|0x00000000e7500000, 0x00000000e7500000, 0x00000000e7600000|  0%| F|  |TAMS 0x00000000e7500000, 0x00000000e7500000| Untracked 
| 118|0x00000000e7600000, 0x00000000e7600000, 0x00000000e7700000|  0%| F|  |TAMS 0x00000000e7600000, 0x00000000e7600000| Untracked 
| 119|0x00000000e7700000, 0x00000000e7700000, 0x00000000e7800000|  0%| F|  |TAMS 0x00000000e7700000, 0x00000000e7700000| Untracked 
| 120|0x00000000e7800000, 0x00000000e7800000, 0x00000000e7900000|  0%| F|  |TAMS 0x00000000e7800000, 0x00000000e7800000| Untracked 
| 121|0x00000000e7900000, 0x00000000e7900000, 0x00000000e7a00000|  0%| F|  |TAMS 0x00000000e7900000, 0x00000000e7900000| Untracked 
| 122|0x00000000e7a00000, 0x00000000e7a00000, 0x00000000e7b00000|  0%| F|  |TAMS 0x00000000e7a00000, 0x00000000e7a00000| Untracked 
| 123|0x00000000e7b00000, 0x00000000e7b00000, 0x00000000e7c00000|  0%| F|  |TAMS 0x00000000e7b00000, 0x00000000e7b00000| Untracked 
| 124|0x00000000e7c00000, 0x00000000e7c00000, 0x00000000e7d00000|  0%| F|  |TAMS 0x00000000e7c00000, 0x00000000e7c00000| Untracked 
| 125|0x00000000e7d00000, 0x00000000e7d00000, 0x00000000e7e00000|  0%| F|  |TAMS 0x00000000e7d00000, 0x00000000e7d00000| Untracked 
| 126|0x00000000e7e00000, 0x00000000e7e00000, 0x00000000e7f00000|  0%| F|  |TAMS 0x00000000e7e00000, 0x00000000e7e00000| Untracked 
| 127|0x00000000e7f00000, 0x00000000e7f00000, 0x00000000e8000000|  0%| F|  |TAMS 0x00000000e7f00000, 0x00000000e7f00000| Untracked 
| 128|0x00000000e8000000, 0x00000000e8000000, 0x00000000e8100000|  0%| F|  |TAMS 0x00000000e8000000, 0x00000000e8000000| Untracked 
| 129|0x00000000e8100000, 0x00000000e8100000, 0x00000000e8200000|  0%| F|  |TAMS 0x00000000e8100000, 0x00000000e8100000| Untracked 
| 130|0x00000000e8200000, 0x00000000e8200000, 0x00000000e8300000|  0%| F|  |TAMS 0x00000000e8200000, 0x00000000e8200000| Untracked 
| 131|0x00000000e8300000, 0x00000000e8300000, 0x00000000e8400000|  0%| F|  |TAMS 0x00000000e8300000, 0x00000000e8300000| Untracked 
| 132|0x00000000e8400000, 0x00000000e8400000, 0x00000000e8500000|  0%| F|  |TAMS 0x00000000e8400000, 0x00000000e8400000| Untracked 
| 133|0x00000000e8500000, 0x00000000e8500000, 0x00000000e8600000|  0%| F|  |TAMS 0x00000000e8500000, 0x00000000e8500000| Untracked 
| 134|0x00000000e8600000, 0x00000000e86bf0a0, 0x00000000e8700000| 74%| S|CS|TAMS 0x00000000e8600000, 0x00000000e8600000| Complete 
| 135|0x00000000e8700000, 0x00000000e8800000, 0x00000000e8800000|100%| S|CS|TAMS 0x00000000e8700000, 0x00000000e8700000| Complete 
| 136|0x00000000e8800000, 0x00000000e8900000, 0x00000000e8900000|100%| S|CS|TAMS 0x00000000e8800000, 0x00000000e8800000| Complete 
| 137|0x00000000e8900000, 0x00000000e8a00000, 0x00000000e8a00000|100%| S|CS|TAMS 0x00000000e8900000, 0x00000000e8900000| Complete 
| 138|0x00000000e8a00000, 0x00000000e8b00000, 0x00000000e8b00000|100%| S|CS|TAMS 0x00000000e8a00000, 0x00000000e8a00000| Complete 
| 139|0x00000000e8b00000, 0x00000000e8c00000, 0x00000000e8c00000|100%| S|CS|TAMS 0x00000000e8b00000, 0x00000000e8b00000| Complete 
| 140|0x00000000e8c00000, 0x00000000e8d00000, 0x00000000e8d00000|100%| S|CS|TAMS 0x00000000e8c00000, 0x00000000e8c00000| Complete 
| 141|0x00000000e8d00000, 0x00000000e8de0dd8, 0x00000000e8e00000| 87%| E|  |TAMS 0x00000000e8d00000, 0x00000000e8d00000| Complete 
| 142|0x00000000e8e00000, 0x00000000e8f00000, 0x00000000e8f00000|100%| E|CS|TAMS 0x00000000e8e00000, 0x00000000e8e00000| Complete 
| 143|0x00000000e8f00000, 0x00000000e9000000, 0x00000000e9000000|100%| E|CS|TAMS 0x00000000e8f00000, 0x00000000e8f00000| Complete 
| 144|0x00000000e9000000, 0x00000000e9100000, 0x00000000e9100000|100%| E|CS|TAMS 0x00000000e9000000, 0x00000000e9000000| Complete 
| 145|0x00000000e9100000, 0x00000000e9200000, 0x00000000e9200000|100%| E|CS|TAMS 0x00000000e9100000, 0x00000000e9100000| Complete 
| 146|0x00000000e9200000, 0x00000000e9300000, 0x00000000e9300000|100%| E|CS|TAMS 0x00000000e9200000, 0x00000000e9200000| Complete 
| 147|0x00000000e9300000, 0x00000000e9400000, 0x00000000e9400000|100%| E|CS|TAMS 0x00000000e9300000, 0x00000000e9300000| Complete 
| 148|0x00000000e9400000, 0x00000000e9500000, 0x00000000e9500000|100%| E|CS|TAMS 0x00000000e9400000, 0x00000000e9400000| Complete 
| 149|0x00000000e9500000, 0x00000000e9600000, 0x00000000e9600000|100%| E|CS|TAMS 0x00000000e9500000, 0x00000000e9500000| Complete 
| 150|0x00000000e9600000, 0x00000000e9700000, 0x00000000e9700000|100%| E|CS|TAMS 0x00000000e9600000, 0x00000000e9600000| Complete 
| 151|0x00000000e9700000, 0x00000000e9800000, 0x00000000e9800000|100%| E|CS|TAMS 0x00000000e9700000, 0x00000000e9700000| Complete 
| 152|0x00000000e9800000, 0x00000000e9900000, 0x00000000e9900000|100%| E|CS|TAMS 0x00000000e9800000, 0x00000000e9800000| Complete 
| 153|0x00000000e9900000, 0x00000000e9a00000, 0x00000000e9a00000|100%| E|CS|TAMS 0x00000000e9900000, 0x00000000e9900000| Complete 
| 154|0x00000000e9a00000, 0x00000000e9b00000, 0x00000000e9b00000|100%| E|CS|TAMS 0x00000000e9a00000, 0x00000000e9a00000| Complete 
| 155|0x00000000e9b00000, 0x00000000e9c00000, 0x00000000e9c00000|100%| E|CS|TAMS 0x00000000e9b00000, 0x00000000e9b00000| Complete 
| 156|0x00000000e9c00000, 0x00000000e9d00000, 0x00000000e9d00000|100%| E|CS|TAMS 0x00000000e9c00000, 0x00000000e9c00000| Complete 
| 157|0x00000000e9d00000, 0x00000000e9e00000, 0x00000000e9e00000|100%| E|CS|TAMS 0x00000000e9d00000, 0x00000000e9d00000| Complete 
| 158|0x00000000e9e00000, 0x00000000e9f00000, 0x00000000e9f00000|100%| E|CS|TAMS 0x00000000e9e00000, 0x00000000e9e00000| Complete 
| 159|0x00000000e9f00000, 0x00000000ea000000, 0x00000000ea000000|100%| E|CS|TAMS 0x00000000e9f00000, 0x00000000e9f00000| Complete 
| 160|0x00000000ea000000, 0x00000000ea100000, 0x00000000ea100000|100%| E|CS|TAMS 0x00000000ea000000, 0x00000000ea000000| Complete 
| 161|0x00000000ea100000, 0x00000000ea200000, 0x00000000ea200000|100%| E|CS|TAMS 0x00000000ea100000, 0x00000000ea100000| Complete 
| 162|0x00000000ea200000, 0x00000000ea300000, 0x00000000ea300000|100%| E|CS|TAMS 0x00000000ea200000, 0x00000000ea200000| Complete 
| 163|0x00000000ea300000, 0x00000000ea400000, 0x00000000ea400000|100%| E|CS|TAMS 0x00000000ea300000, 0x00000000ea300000| Complete 
| 164|0x00000000ea400000, 0x00000000ea500000, 0x00000000ea500000|100%| E|CS|TAMS 0x00000000ea400000, 0x00000000ea400000| Complete 
| 165|0x00000000ea500000, 0x00000000ea600000, 0x00000000ea600000|100%| E|CS|TAMS 0x00000000ea500000, 0x00000000ea500000| Complete 
| 166|0x00000000ea600000, 0x00000000ea700000, 0x00000000ea700000|100%| E|CS|TAMS 0x00000000ea600000, 0x00000000ea600000| Complete 
| 167|0x00000000ea700000, 0x00000000ea800000, 0x00000000ea800000|100%| E|CS|TAMS 0x00000000ea700000, 0x00000000ea700000| Complete 
| 168|0x00000000ea800000, 0x00000000ea900000, 0x00000000ea900000|100%| E|CS|TAMS 0x00000000ea800000, 0x00000000ea800000| Complete 
| 169|0x00000000ea900000, 0x00000000eaa00000, 0x00000000eaa00000|100%| E|CS|TAMS 0x00000000ea900000, 0x00000000ea900000| Complete 
| 170|0x00000000eaa00000, 0x00000000eab00000, 0x00000000eab00000|100%| E|CS|TAMS 0x00000000eaa00000, 0x00000000eaa00000| Complete 
| 171|0x00000000eab00000, 0x00000000eac00000, 0x00000000eac00000|100%| E|CS|TAMS 0x00000000eab00000, 0x00000000eab00000| Complete 
| 172|0x00000000eac00000, 0x00000000ead00000, 0x00000000ead00000|100%| E|CS|TAMS 0x00000000eac00000, 0x00000000eac00000| Complete 
| 173|0x00000000ead00000, 0x00000000eae00000, 0x00000000eae00000|100%| E|CS|TAMS 0x00000000ead00000, 0x00000000ead00000| Complete 
| 174|0x00000000eae00000, 0x00000000eaf00000, 0x00000000eaf00000|100%| E|CS|TAMS 0x00000000eae00000, 0x00000000eae00000| Complete 
| 175|0x00000000eaf00000, 0x00000000eb000000, 0x00000000eb000000|100%| E|CS|TAMS 0x00000000eaf00000, 0x00000000eaf00000| Complete 
| 176|0x00000000eb000000, 0x00000000eb100000, 0x00000000eb100000|100%| E|CS|TAMS 0x00000000eb000000, 0x00000000eb000000| Complete 
| 177|0x00000000eb100000, 0x00000000eb200000, 0x00000000eb200000|100%| E|CS|TAMS 0x00000000eb100000, 0x00000000eb100000| Complete 
| 178|0x00000000eb200000, 0x00000000eb300000, 0x00000000eb300000|100%| E|CS|TAMS 0x00000000eb200000, 0x00000000eb200000| Complete 
| 179|0x00000000eb300000, 0x00000000eb400000, 0x00000000eb400000|100%| E|CS|TAMS 0x00000000eb300000, 0x00000000eb300000| Complete 
| 180|0x00000000eb400000, 0x00000000eb500000, 0x00000000eb500000|100%| E|CS|TAMS 0x00000000eb400000, 0x00000000eb400000| Complete 
| 181|0x00000000eb500000, 0x00000000eb600000, 0x00000000eb600000|100%| E|CS|TAMS 0x00000000eb500000, 0x00000000eb500000| Complete 
| 182|0x00000000eb600000, 0x00000000eb700000, 0x00000000eb700000|100%| E|CS|TAMS 0x00000000eb600000, 0x00000000eb600000| Complete 
| 183|0x00000000eb700000, 0x00000000eb800000, 0x00000000eb800000|100%| E|CS|TAMS 0x00000000eb700000, 0x00000000eb700000| Complete 
| 184|0x00000000eb800000, 0x00000000eb900000, 0x00000000eb900000|100%| E|CS|TAMS 0x00000000eb800000, 0x00000000eb800000| Complete 
| 185|0x00000000eb900000, 0x00000000eba00000, 0x00000000eba00000|100%| E|CS|TAMS 0x00000000eb900000, 0x00000000eb900000| Complete 
| 186|0x00000000eba00000, 0x00000000ebb00000, 0x00000000ebb00000|100%| E|CS|TAMS 0x00000000eba00000, 0x00000000eba00000| Complete 
| 187|0x00000000ebb00000, 0x00000000ebc00000, 0x00000000ebc00000|100%| E|CS|TAMS 0x00000000ebb00000, 0x00000000ebb00000| Complete 
| 188|0x00000000ebc00000, 0x00000000ebd00000, 0x00000000ebd00000|100%| E|CS|TAMS 0x00000000ebc00000, 0x00000000ebc00000| Complete 
| 189|0x00000000ebd00000, 0x00000000ebe00000, 0x00000000ebe00000|100%| E|CS|TAMS 0x00000000ebd00000, 0x00000000ebd00000| Complete 
| 190|0x00000000ebe00000, 0x00000000ebf00000, 0x00000000ebf00000|100%| E|CS|TAMS 0x00000000ebe00000, 0x00000000ebe00000| Complete 
| 191|0x00000000ebf00000, 0x00000000ec000000, 0x00000000ec000000|100%| E|CS|TAMS 0x00000000ebf00000, 0x00000000ebf00000| Complete 
| 192|0x00000000ec000000, 0x00000000ec100000, 0x00000000ec100000|100%| E|CS|TAMS 0x00000000ec000000, 0x00000000ec000000| Complete 
| 193|0x00000000ec100000, 0x00000000ec200000, 0x00000000ec200000|100%| E|CS|TAMS 0x00000000ec100000, 0x00000000ec100000| Complete 
| 194|0x00000000ec200000, 0x00000000ec300000, 0x00000000ec300000|100%| E|CS|TAMS 0x00000000ec200000, 0x00000000ec200000| Complete 
| 195|0x00000000ec300000, 0x00000000ec400000, 0x00000000ec400000|100%| E|CS|TAMS 0x00000000ec300000, 0x00000000ec300000| Complete 
| 196|0x00000000ec400000, 0x00000000ec500000, 0x00000000ec500000|100%| E|CS|TAMS 0x00000000ec400000, 0x00000000ec400000| Complete 
| 197|0x00000000ec500000, 0x00000000ec600000, 0x00000000ec600000|100%| E|CS|TAMS 0x00000000ec500000, 0x00000000ec500000| Complete 
| 198|0x00000000ec600000, 0x00000000ec700000, 0x00000000ec700000|100%| E|CS|TAMS 0x00000000ec600000, 0x00000000ec600000| Complete 
| 199|0x00000000ec700000, 0x00000000ec800000, 0x00000000ec800000|100%| E|CS|TAMS 0x00000000ec700000, 0x00000000ec700000| Complete 
| 200|0x00000000ec800000, 0x00000000ec900000, 0x00000000ec900000|100%| E|CS|TAMS 0x00000000ec800000, 0x00000000ec800000| Complete 
| 201|0x00000000ec900000, 0x00000000eca00000, 0x00000000eca00000|100%| E|CS|TAMS 0x00000000ec900000, 0x00000000ec900000| Complete 
| 202|0x00000000eca00000, 0x00000000ecb00000, 0x00000000ecb00000|100%| E|CS|TAMS 0x00000000eca00000, 0x00000000eca00000| Complete 
| 203|0x00000000ecb00000, 0x00000000ecc00000, 0x00000000ecc00000|100%| E|CS|TAMS 0x00000000ecb00000, 0x00000000ecb00000| Complete 
| 204|0x00000000ecc00000, 0x00000000ecd00000, 0x00000000ecd00000|100%| E|CS|TAMS 0x00000000ecc00000, 0x00000000ecc00000| Complete 
| 205|0x00000000ecd00000, 0x00000000ece00000, 0x00000000ece00000|100%| E|CS|TAMS 0x00000000ecd00000, 0x00000000ecd00000| Complete 
| 206|0x00000000ece00000, 0x00000000ecf00000, 0x00000000ecf00000|100%| E|CS|TAMS 0x00000000ece00000, 0x00000000ece00000| Complete 
| 207|0x00000000ecf00000, 0x00000000ed000000, 0x00000000ed000000|100%| E|CS|TAMS 0x00000000ecf00000, 0x00000000ecf00000| Complete 
| 208|0x00000000ed000000, 0x00000000ed100000, 0x00000000ed100000|100%| E|CS|TAMS 0x00000000ed000000, 0x00000000ed000000| Complete 
| 209|0x00000000ed100000, 0x00000000ed200000, 0x00000000ed200000|100%| E|CS|TAMS 0x00000000ed100000, 0x00000000ed100000| Complete 
| 210|0x00000000ed200000, 0x00000000ed300000, 0x00000000ed300000|100%| E|CS|TAMS 0x00000000ed200000, 0x00000000ed200000| Complete 
| 211|0x00000000ed300000, 0x00000000ed400000, 0x00000000ed400000|100%| E|CS|TAMS 0x00000000ed300000, 0x00000000ed300000| Complete 
| 212|0x00000000ed400000, 0x00000000ed500000, 0x00000000ed500000|100%| E|CS|TAMS 0x00000000ed400000, 0x00000000ed400000| Complete 
| 213|0x00000000ed500000, 0x00000000ed600000, 0x00000000ed600000|100%| E|CS|TAMS 0x00000000ed500000, 0x00000000ed500000| Complete 
| 214|0x00000000ed600000, 0x00000000ed700000, 0x00000000ed700000|100%| E|CS|TAMS 0x00000000ed600000, 0x00000000ed600000| Complete 
| 215|0x00000000ed700000, 0x00000000ed800000, 0x00000000ed800000|100%| E|CS|TAMS 0x00000000ed700000, 0x00000000ed700000| Complete 
| 216|0x00000000ed800000, 0x00000000ed900000, 0x00000000ed900000|100%| E|CS|TAMS 0x00000000ed800000, 0x00000000ed800000| Complete 
| 217|0x00000000ed900000, 0x00000000eda00000, 0x00000000eda00000|100%| E|CS|TAMS 0x00000000ed900000, 0x00000000ed900000| Complete 
| 218|0x00000000eda00000, 0x00000000edb00000, 0x00000000edb00000|100%| E|CS|TAMS 0x00000000eda00000, 0x00000000eda00000| Complete 
| 219|0x00000000edb00000, 0x00000000edc00000, 0x00000000edc00000|100%| E|CS|TAMS 0x00000000edb00000, 0x00000000edb00000| Complete 
| 220|0x00000000edc00000, 0x00000000edd00000, 0x00000000edd00000|100%| E|CS|TAMS 0x00000000edc00000, 0x00000000edc00000| Complete 
| 221|0x00000000edd00000, 0x00000000ede00000, 0x00000000ede00000|100%| E|CS|TAMS 0x00000000edd00000, 0x00000000edd00000| Complete 
| 222|0x00000000ede00000, 0x00000000edf00000, 0x00000000edf00000|100%| E|CS|TAMS 0x00000000ede00000, 0x00000000ede00000| Complete 
| 223|0x00000000edf00000, 0x00000000ee000000, 0x00000000ee000000|100%| E|CS|TAMS 0x00000000edf00000, 0x00000000edf00000| Complete 
| 224|0x00000000ee000000, 0x00000000ee100000, 0x00000000ee100000|100%| E|CS|TAMS 0x00000000ee000000, 0x00000000ee000000| Complete 
| 225|0x00000000ee100000, 0x00000000ee200000, 0x00000000ee200000|100%| E|CS|TAMS 0x00000000ee100000, 0x00000000ee100000| Complete 
| 226|0x00000000ee200000, 0x00000000ee300000, 0x00000000ee300000|100%| E|CS|TAMS 0x00000000ee200000, 0x00000000ee200000| Complete 
| 227|0x00000000ee300000, 0x00000000ee400000, 0x00000000ee400000|100%| E|CS|TAMS 0x00000000ee300000, 0x00000000ee300000| Complete 
| 228|0x00000000ee400000, 0x00000000ee500000, 0x00000000ee500000|100%| E|CS|TAMS 0x00000000ee400000, 0x00000000ee400000| Complete 
| 229|0x00000000ee500000, 0x00000000ee600000, 0x00000000ee600000|100%| E|CS|TAMS 0x00000000ee500000, 0x00000000ee500000| Complete 
| 230|0x00000000ee600000, 0x00000000ee700000, 0x00000000ee700000|100%| E|CS|TAMS 0x00000000ee600000, 0x00000000ee600000| Complete 
| 231|0x00000000ee700000, 0x00000000ee800000, 0x00000000ee800000|100%| E|CS|TAMS 0x00000000ee700000, 0x00000000ee700000| Complete 
| 232|0x00000000ee800000, 0x00000000ee900000, 0x00000000ee900000|100%| E|CS|TAMS 0x00000000ee800000, 0x00000000ee800000| Complete 
| 233|0x00000000ee900000, 0x00000000eea00000, 0x00000000eea00000|100%| E|CS|TAMS 0x00000000ee900000, 0x00000000ee900000| Complete 
| 234|0x00000000eea00000, 0x00000000eeb00000, 0x00000000eeb00000|100%| E|CS|TAMS 0x00000000eea00000, 0x00000000eea00000| Complete 
| 235|0x00000000eeb00000, 0x00000000eec00000, 0x00000000eec00000|100%| E|CS|TAMS 0x00000000eeb00000, 0x00000000eeb00000| Complete 
| 236|0x00000000eec00000, 0x00000000eed00000, 0x00000000eed00000|100%| E|CS|TAMS 0x00000000eec00000, 0x00000000eec00000| Complete 
| 237|0x00000000eed00000, 0x00000000eee00000, 0x00000000eee00000|100%| E|CS|TAMS 0x00000000eed00000, 0x00000000eed00000| Complete 
| 238|0x00000000eee00000, 0x00000000eef00000, 0x00000000eef00000|100%| E|CS|TAMS 0x00000000eee00000, 0x00000000eee00000| Complete 
| 239|0x00000000eef00000, 0x00000000ef000000, 0x00000000ef000000|100%| E|CS|TAMS 0x00000000eef00000, 0x00000000eef00000| Complete 
| 240|0x00000000ef000000, 0x00000000ef100000, 0x00000000ef100000|100%| E|CS|TAMS 0x00000000ef000000, 0x00000000ef000000| Complete 
| 241|0x00000000ef100000, 0x00000000ef200000, 0x00000000ef200000|100%| E|CS|TAMS 0x00000000ef100000, 0x00000000ef100000| Complete 
| 242|0x00000000ef200000, 0x00000000ef300000, 0x00000000ef300000|100%| E|CS|TAMS 0x00000000ef200000, 0x00000000ef200000| Complete 
| 243|0x00000000ef300000, 0x00000000ef400000, 0x00000000ef400000|100%| E|CS|TAMS 0x00000000ef300000, 0x00000000ef300000| Complete 
| 244|0x00000000ef400000, 0x00000000ef500000, 0x00000000ef500000|100%| E|CS|TAMS 0x00000000ef400000, 0x00000000ef400000| Complete 
| 245|0x00000000ef500000, 0x00000000ef600000, 0x00000000ef600000|100%| E|CS|TAMS 0x00000000ef500000, 0x00000000ef500000| Complete 
| 246|0x00000000ef600000, 0x00000000ef700000, 0x00000000ef700000|100%| E|CS|TAMS 0x00000000ef600000, 0x00000000ef600000| Complete 
| 247|0x00000000ef700000, 0x00000000ef800000, 0x00000000ef800000|100%| E|CS|TAMS 0x00000000ef700000, 0x00000000ef700000| Complete 
| 248|0x00000000ef800000, 0x00000000ef900000, 0x00000000ef900000|100%| E|CS|TAMS 0x00000000ef800000, 0x00000000ef800000| Complete 
| 249|0x00000000ef900000, 0x00000000efa00000, 0x00000000efa00000|100%| E|CS|TAMS 0x00000000ef900000, 0x00000000ef900000| Complete 
| 250|0x00000000efa00000, 0x00000000efb00000, 0x00000000efb00000|100%| E|CS|TAMS 0x00000000efa00000, 0x00000000efa00000| Complete 
| 251|0x00000000efb00000, 0x00000000efc00000, 0x00000000efc00000|100%| E|CS|TAMS 0x00000000efb00000, 0x00000000efb00000| Complete 
| 252|0x00000000efc00000, 0x00000000efd00000, 0x00000000efd00000|100%| E|CS|TAMS 0x00000000efc00000, 0x00000000efc00000| Complete 
| 253|0x00000000efd00000, 0x00000000efe00000, 0x00000000efe00000|100%| E|CS|TAMS 0x00000000efd00000, 0x00000000efd00000| Complete 
| 254|0x00000000efe00000, 0x00000000eff00000, 0x00000000eff00000|100%| E|CS|TAMS 0x00000000efe00000, 0x00000000efe00000| Complete 
| 255|0x00000000eff00000, 0x00000000f0000000, 0x00000000f0000000|100%| E|CS|TAMS 0x00000000eff00000, 0x00000000eff00000| Complete 

Card table byte_map: [0x0000029164070000,0x0000029164170000] _byte_map_base: 0x0000029163970000

Marking Bits (Prev, Next): (CMBitMap*) 0x000002914c84ba18, (CMBitMap*) 0x000002914c84ba58
 Prev Bits: [0x0000029164270000, 0x0000029164a70000)
 Next Bits: [0x0000029164a70000, 0x0000029165270000)

Polling page: 0x000002914c010000

Metaspace:

Usage:
  Non-class:     37.73 MB capacity,    36.81 MB ( 98%) used,   802.41 KB (  2%) free+waste,   136.81 KB ( <1%) overhead. 
      Class:      6.57 MB capacity,     6.02 MB ( 92%) used,   497.38 KB (  7%) free+waste,    68.69 KB (  1%) overhead. 
       Both:     44.30 MB capacity,    42.83 MB ( 97%) used,     1.27 MB (  3%) free+waste,   205.50 KB ( <1%) overhead. 

Virtual space:
  Non-class space:       38.00 MB reserved,      37.75 MB (>99%) committed 
      Class space:      248.00 MB reserved,       6.70 MB (  3%) committed 
             Both:      286.00 MB reserved,      44.45 MB ( 16%) committed 

Chunk freelists:
   Non-Class:  2.50 KB
       Class:  2.63 KB
        Both:  5.13 KB

CodeHeap 'non-profiled nmethods': size=120000Kb used=2158Kb max_used=2158Kb free=117841Kb
 bounds [0x000002915c710000, 0x000002915c980000, 0x0000029163c40000]
CodeHeap 'profiled nmethods': size=120000Kb used=10025Kb max_used=10025Kb free=109974Kb
 bounds [0x00000291551e0000, 0x0000029155bc0000, 0x000002915c710000]
CodeHeap 'non-nmethods': size=5760Kb used=2251Kb max_used=2280Kb free=3508Kb
 bounds [0x0000029154c40000, 0x0000029154eb0000, 0x00000291551e0000]
 total_blobs=6872 nmethods=4461 adapters=725
 compilation: enabled
              stopped_count=0, restarted_count=0
 full_count=0

Compilation events (10 events):
Event: 27.362 Thread 0x0000029167cae000 nmethod 4961 0x0000029155ba6690 code [0x0000029155ba6860, 0x0000029155ba6af8]
Event: 27.362 Thread 0x0000029167cae000 4962       3       org.gradle.api.internal.provider.ValueSupplier$Present::<init> (10 bytes)
Event: 27.362 Thread 0x0000029167cae000 nmethod 4962 0x0000029155ba6c10 code [0x0000029155ba6de0, 0x0000029155ba7018]
Event: 27.430 Thread 0x0000029167cab000 4963       4       org.gradle.internal.reflect.MethodSet::add (50 bytes)
Event: 27.430 Thread 0x0000029167cae000 4965       3       jdk.internal.org.objectweb.asm.ClassReader::<init> (367 bytes)
Event: 27.432 Thread 0x0000029167cae000 nmethod 4965 0x0000029155ba7110 code [0x0000029155ba7460, 0x0000029155ba8c00]
Event: 27.492 Thread 0x0000029167cae000 4967       3       java.io.DataInputStream::readFully (9 bytes)
Event: 27.492 Thread 0x0000029167cae000 nmethod 4967 0x0000029155ba9390 code [0x0000029155ba9560, 0x0000029155ba9730]
Event: 27.493 Thread 0x0000029167cae000 4969       3       java.util.concurrent.ConcurrentHashMap$KeyIterator::next (34 bytes)
Event: 27.493 Thread 0x0000029167cae000 nmethod 4969 0x0000029155ba9810 code [0x0000029155ba9a00, 0x0000029155ba9d40]

GC Heap History (8 events):
Event: 1.362 GC heap before
{Heap before GC invocations=0 (full 0):
 garbage-first heap   total 262144K, used 29696K [0x00000000e0000000, 0x0000000100000000)
  region size 1024K, 24 young (24576K), 0 survivors (0K)
 Metaspace       used 3093K, capacity 6125K, committed 6400K, reserved 262144K
  class space    used 407K, capacity 701K, committed 768K, reserved 253952K
}
Event: 1.370 GC heap after
{Heap after GC invocations=1 (full 0):
 garbage-first heap   total 262144K, used 8823K [0x00000000e0000000, 0x0000000100000000)
  region size 1024K, 3 young (3072K), 3 survivors (3072K)
 Metaspace       used 3093K, capacity 6125K, committed 6400K, reserved 262144K
  class space    used 407K, capacity 701K, committed 768K, reserved 253952K
}
Event: 8.174 GC heap before
{Heap before GC invocations=1 (full 0):
 garbage-first heap   total 262144K, used 161399K [0x00000000e0000000, 0x0000000100000000)
  region size 1024K, 153 young (156672K), 3 survivors (3072K)
 Metaspace       used 17981K, capacity 18589K, committed 18816K, reserved 270336K
  class space    used 2642K, capacity 2857K, committed 2944K, reserved 253952K
}
Event: 8.196 GC heap after
{Heap after GC invocations=2 (full 0):
 garbage-first heap   total 262144K, used 18115K [0x00000000e0000000, 0x0000000100000000)
  region size 1024K, 13 young (13312K), 13 survivors (13312K)
 Metaspace       used 17981K, capacity 18589K, committed 18816K, reserved 270336K
  class space    used 2642K, capacity 2857K, committed 2944K, reserved 253952K
}
Event: 9.180 GC heap before
{Heap before GC invocations=2 (full 0):
 garbage-first heap   total 262144K, used 49859K [0x00000000e0000000, 0x0000000100000000)
  region size 1024K, 45 young (46080K), 13 survivors (13312K)
 Metaspace       used 20635K, capacity 21204K, committed 21296K, reserved 272384K
  class space    used 3067K, capacity 3282K, committed 3328K, reserved 253952K
}
Event: 9.196 GC heap after
{Heap after GC invocations=3 (full 0):
 garbage-first heap   total 262144K, used 19428K [0x00000000e0000000, 0x0000000100000000)
  region size 1024K, 2 young (2048K), 2 survivors (2048K)
 Metaspace       used 20635K, capacity 21204K, committed 21296K, reserved 272384K
  class space    used 3067K, capacity 3282K, committed 3328K, reserved 253952K
}
Event: 15.649 GC heap before
{Heap before GC invocations=4 (full 0):
 garbage-first heap   total 262144K, used 137188K [0x00000000e0000000, 0x0000000100000000)
  region size 1024K, 115 young (117760K), 2 survivors (2048K)
 Metaspace       used 34983K, capacity 35854K, committed 35920K, reserved 284672K
  class space    used 4807K, capacity 5137K, committed 5200K, reserved 253952K
}
Event: 15.661 GC heap after
{Heap after GC invocations=5 (full 0):
 garbage-first heap   total 262144K, used 24877K [0x00000000e0000000, 0x0000000100000000)
  region size 1024K, 7 young (7168K), 7 survivors (7168K)
 Metaspace       used 34983K, capacity 35854K, committed 35920K, reserved 284672K
  class space    used 4807K, capacity 5137K, committed 5200K, reserved 253952K
}

Deoptimization events (10 events):
Event: 27.268 Thread 0x000002916a8ff000 Uncommon trap: reason=bimorphic_or_optimized_type_check action=maybe_recompile pc=0x000002915c8ac238 method=java.util.Collections$SetFromMap.remove(Ljava/lang/Object;)Z @ 5 c2
Event: 27.271 Thread 0x000002916a8ff000 Uncommon trap: reason=bimorphic_or_optimized_type_check action=maybe_recompile pc=0x000002915c8ac238 method=java.util.Collections$SetFromMap.remove(Ljava/lang/Object;)Z @ 5 c2
Event: 27.272 Thread 0x000002916a8ff000 Uncommon trap: reason=bimorphic_or_optimized_type_check action=maybe_recompile pc=0x000002915c8ac238 method=java.util.Collections$SetFromMap.remove(Ljava/lang/Object;)Z @ 5 c2
Event: 27.279 Thread 0x000002916957d000 Uncommon trap: reason=bimorphic_or_optimized_type_check action=maybe_recompile pc=0x000002915c8a80c4 method=java.io.BufferedInputStream.read([BII)I @ 101 c2
Event: 27.427 Thread 0x000002916a8ff000 Uncommon trap: reason=unstable_if action=reinterpret pc=0x000002915c8aced0 method=java.lang.StringLatin1.regionMatchesCI([BI[BII)Z @ 66 c2
Event: 27.427 Thread 0x000002916a8ff000 Uncommon trap: reason=unstable_if action=reinterpret pc=0x000002915c866b24 method=java.lang.StringLatin1.regionMatchesCI([BI[BII)Z @ 66 c2
Event: 27.535 Thread 0x000002916a8ff000 Uncommon trap: reason=bimorphic_or_optimized_type_check action=maybe_recompile pc=0x000002915c8f9064 method=java.io.DataInputStream.readInt()I @ 4 c2
Event: 27.536 Thread 0x000002916a8ff000 Uncommon trap: reason=bimorphic_or_optimized_type_check action=maybe_recompile pc=0x000002915c8f9064 method=java.io.DataInputStream.readInt()I @ 4 c2
Event: 27.536 Thread 0x000002916a8ff000 Uncommon trap: reason=bimorphic_or_optimized_type_check action=maybe_recompile pc=0x000002915c8f9064 method=java.io.DataInputStream.readInt()I @ 4 c2
Event: 27.536 Thread 0x000002916a8ff000 Uncommon trap: reason=bimorphic_or_optimized_type_check action=maybe_recompile pc=0x000002915c8f9064 method=java.io.DataInputStream.readInt()I @ 4 c2

Classes redefined (0 events):
No events

Internal exceptions (10 events):
Event: 25.850 Thread 0x0000029169d1d800 Exception <a 'java/lang/NoSuchMethodError'{0x00000000e9beac90}: <clinit>> (0x00000000e9beac90) thrown at [t:/workspace/open/src/hotspot/share/prims/jni.cpp, line 1362]
Event: 25.850 Thread 0x0000029169d1d800 Exception <a 'java/lang/NoSuchMethodError'{0x00000000e9bf3230}: <clinit>> (0x00000000e9bf3230) thrown at [t:/workspace/open/src/hotspot/share/prims/jni.cpp, line 1362]
Event: 25.954 Thread 0x000002916a8ff000 Exception <a 'java/lang/NoSuchMethodError'{0x00000000e97376d0}: java.lang.invoke.DirectMethodHandle$Holder.invokeStatic(Ljava/lang/Object;Ljava/lang/Object;Ljava/lang/Object;Ljava/lang/Object;Ljava/lang/Object;Ljava/lang/Object;Ljava/lang/Object;)V> (0x00
Event: 26.665 Thread 0x000002916a8ff000 Exception <a 'java/lang/NoSuchMethodError'{0x00000000e9230810}: java.lang.invoke.DirectMethodHandle$Holder.invokeStatic(Ljava/lang/Object;Ljava/lang/Object;Ljava/lang/Object;Ljava/lang/Object;ILjava/lang/Object;)V> (0x00000000e9230810) thrown at [t:/works
Event: 26.686 Thread 0x0000029169d1d800 Exception <a 'java/lang/NoSuchMethodError'{0x00000000e9bfd100}: <clinit>> (0x00000000e9bfd100) thrown at [t:/workspace/open/src/hotspot/share/prims/jni.cpp, line 1362]
Event: 26.688 Thread 0x0000029169d1d800 Exception <a 'java/lang/NoSuchMethodError'{0x00000000e9062158}: <clinit>> (0x00000000e9062158) thrown at [t:/workspace/open/src/hotspot/share/prims/jni.cpp, line 1362]
Event: 26.688 Thread 0x0000029169d1d800 Exception <a 'java/lang/NoSuchMethodError'{0x00000000e9063450}: <clinit>> (0x00000000e9063450) thrown at [t:/workspace/open/src/hotspot/share/prims/jni.cpp, line 1362]
Event: 26.688 Thread 0x0000029169d1d800 Exception <a 'java/lang/NoSuchMethodError'{0x00000000e90649f8}: <clinit>> (0x00000000e90649f8) thrown at [t:/workspace/open/src/hotspot/share/prims/jni.cpp, line 1362]
Event: 27.319 Thread 0x000002916a8ff000 Exception <a 'java/lang/NoSuchMethodError'{0x00000000e8fb2338}: java.lang.invoke.DirectMethodHandle$Holder.invokeSpecial(Ljava/lang/Object;Ljava/lang/Object;ILjava/lang/Object;Ljava/lang/Object;)Ljava/lang/Object;> (0x00000000e8fb2338) thrown at [t:/works
Event: 27.324 Thread 0x000002916a8ff000 Exception <a 'java/lang/NoSuchMethodError'{0x00000000e8fcc538}: java.lang.invoke.DirectMethodHandle$Holder.invokeVirtual(Ljava/lang/Object;Ljava/lang/Object;)V> (0x00000000e8fcc538) thrown at [t:/workspace/open/src/hotspot/share/interpreter/linkResolver.c

Events (10 events):
Event: 27.536 Thread 0x000002916a8ff000 DEOPT PACKING pc=0x000002915c8f9064 sp=0x000000c5fb7f9d30
Event: 27.536 Thread 0x000002916a8ff000 DEOPT UNPACKING pc=0x0000029154c69baf sp=0x000000c5fb7f9cf0 mode 2
Event: 27.536 Thread 0x000002916a8ff000 Uncommon trap: trap_request=0xffffffc6 fr.pc=0x000002915c8f9064 relative=0x00000000000012c4
Event: 27.536 Thread 0x000002916a8ff000 DEOPT PACKING pc=0x000002915c8f9064 sp=0x000000c5fb7f9d30
Event: 27.536 Thread 0x000002916a8ff000 DEOPT UNPACKING pc=0x0000029154c69baf sp=0x000000c5fb7f9cf0 mode 2
Event: 27.536 Thread 0x000002916a8ff000 Uncommon trap: trap_request=0xffffffc6 fr.pc=0x000002915c8f9064 relative=0x00000000000012c4
Event: 27.536 Thread 0x000002916a8ff000 DEOPT PACKING pc=0x000002915c8f9064 sp=0x000000c5fb7f9db0
Event: 27.536 Thread 0x000002916a8ff000 DEOPT UNPACKING pc=0x0000029154c69baf sp=0x000000c5fb7f9d70 mode 2
Event: 27.536 loading class java/time/zone/ZoneOffsetTransition
Event: 27.537 loading class java/time/zone/ZoneOffsetTransition done


Dynamic libraries:
0x00007ff7d9cb0000 - 0x00007ff7d9cbf000 	C:\Program Files\Java\jdk-12.0.2\bin\java.exe
0x00007fffd0090000 - 0x00007fffd0285000 	C:\WINDOWS\SYSTEM32\ntdll.dll
0x00007fffcf2a0000 - 0x00007fffcf35d000 	C:\WINDOWS\System32\KERNEL32.DLL
0x00007fffcdbb0000 - 0x00007fffcde78000 	C:\WINDOWS\System32\KERNELBASE.dll
0x00007fffcdf30000 - 0x00007fffce030000 	C:\WINDOWS\System32\ucrtbase.dll
0x00007fffc9310000 - 0x00007fffc9328000 	C:\Program Files\Java\jdk-12.0.2\bin\jli.dll
0x00007fffab3b0000 - 0x00007fffab3c6000 	C:\Program Files\Java\jdk-12.0.2\bin\VCRUNTIME140.dll
0x00007fffcf720000 - 0x00007fffcf7cc000 	C:\WINDOWS\System32\ADVAPI32.dll
0x00007fffcf830000 - 0x00007fffcf8ce000 	C:\WINDOWS\System32\msvcrt.dll
0x00007fffce600000 - 0x00007fffce69b000 	C:\WINDOWS\System32\sechost.dll
0x00007fffcf8d0000 - 0x00007fffcf9fb000 	C:\WINDOWS\System32\RPCRT4.dll
0x00007fffcf010000 - 0x00007fffcf1b0000 	C:\WINDOWS\System32\USER32.dll
0x00007fffaa9c0000 - 0x00007fffaac5a000 	C:\WINDOWS\WinSxS\amd64_microsoft.windows.common-controls_6595b64144ccf1df_6.0.19041.844_none_ca00b6081b84eb1d\COMCTL32.dll
0x00007fffce090000 - 0x00007fffce0b2000 	C:\WINDOWS\System32\win32u.dll
0x00007fffce560000 - 0x00007fffce58a000 	C:\WINDOWS\System32\GDI32.dll
0x00007fffcdaa0000 - 0x00007fffcdbab000 	C:\WINDOWS\System32\gdi32full.dll
0x00007fffcd7a0000 - 0x00007fffcd83d000 	C:\WINDOWS\System32\msvcp_win.dll
0x00007fffc2250000 - 0x00007fffc225a000 	C:\WINDOWS\SYSTEM32\VERSION.dll
0x00007fffce0c0000 - 0x00007fffce0f0000 	C:\WINDOWS\System32\IMM32.DLL
0x00007fffa9880000 - 0x00007fffa992a000 	C:\Program Files\Java\jdk-12.0.2\bin\msvcp140.dll
0x00007fff71d10000 - 0x00007fff72887000 	C:\Program Files\Java\jdk-12.0.2\bin\server\jvm.dll
0x00007fffce3a0000 - 0x00007fffce3a8000 	C:\WINDOWS\System32\PSAPI.DLL
0x00007fffc9260000 - 0x00007fffc9269000 	C:\WINDOWS\SYSTEM32\WSOCK32.dll
0x00007fffb3a30000 - 0x00007fffb3a57000 	C:\WINDOWS\SYSTEM32\WINMM.dll
0x00007fffce590000 - 0x00007fffce5fb000 	C:\WINDOWS\System32\WS2_32.dll
0x00007fffcb8d0000 - 0x00007fffcb8e2000 	C:\WINDOWS\SYSTEM32\kernel.appcore.dll
0x00007fffab390000 - 0x00007fffab3a1000 	C:\Program Files\Java\jdk-12.0.2\bin\verify.dll
0x00007fffc4160000 - 0x00007fffc4344000 	C:\WINDOWS\SYSTEM32\DBGHELP.DLL
0x00007fffb3910000 - 0x00007fffb393c000 	C:\WINDOWS\SYSTEM32\dbgcore.DLL
0x00007fffcd840000 - 0x00007fffcd8c0000 	C:\WINDOWS\System32\bcryptPrimitives.dll
0x00007fffa9850000 - 0x00007fffa9876000 	C:\Program Files\Java\jdk-12.0.2\bin\java.dll
0x00007fffa9830000 - 0x00007fffa9847000 	C:\Program Files\Java\jdk-12.0.2\bin\zip.dll
0x00007fffc9220000 - 0x00007fffc922a000 	C:\Program Files\Java\jdk-12.0.2\bin\jimage.dll
0x00007fffce8a0000 - 0x00007fffcefe2000 	C:\WINDOWS\System32\SHELL32.dll
0x00007fffcb8f0000 - 0x00007fffcc080000 	C:\WINDOWS\SYSTEM32\windows.storage.dll
0x00007fffcf3c0000 - 0x00007fffcf715000 	C:\WINDOWS\System32\combase.dll
0x00007fffcd140000 - 0x00007fffcd16c000 	C:\WINDOWS\SYSTEM32\Wldp.dll
0x00007fffce1c0000 - 0x00007fffce26e000 	C:\WINDOWS\System32\SHCORE.dll
0x00007fffce840000 - 0x00007fffce895000 	C:\WINDOWS\System32\shlwapi.dll
0x00007fffcd6e0000 - 0x00007fffcd6ff000 	C:\WINDOWS\SYSTEM32\profapi.dll
0x00007fffa9810000 - 0x00007fffa9829000 	C:\Program Files\Java\jdk-12.0.2\bin\net.dll
0x00007fffb6b50000 - 0x00007fffb6c5b000 	C:\WINDOWS\SYSTEM32\WINHTTP.dll
0x00007fffbb7f0000 - 0x00007fffbb9de000 	C:\WINDOWS\SYSTEM32\urlmon.dll
0x00007fffbb9e0000 - 0x00007fffbbc90000 	C:\WINDOWS\SYSTEM32\iertutil.dll
0x00007fffcceb0000 - 0x00007fffccf1a000 	C:\WINDOWS\system32\mswsock.dll
0x00007fff8f200000 - 0x00007fff8f213000 	C:\Program Files\Java\jdk-12.0.2\bin\nio.dll
0x00007fffc9230000 - 0x00007fffc9256000 	C:\Users\≈ÎËÁ‡‚ÂÚ‡\.gradle\native\fdc75f09e3144964f2cf3f50f0aa648679c211496f362492102eb8c894070792\windows-amd64\native-platform.dll
0x00007fff82d20000 - 0x00007fff82eb1000 	C:\Users\≈ÎËÁ‡‚ÂÚ‡\.gradle\native\12488b8bf47d2d4c9fbf2f6322a914ad602e24e48041cd04a747c6da556b65c4\windows-amd64\native-platform-file-events.dll
0x00007fffab230000 - 0x00007fffab239000 	C:\Program Files\Java\jdk-12.0.2\bin\management.dll
0x00007fffa9e30000 - 0x00007fffa9e3c000 	C:\Program Files\Java\jdk-12.0.2\bin\management_ext.dll
0x00007fffcd080000 - 0x00007fffcd098000 	C:\WINDOWS\SYSTEM32\CRYPTSP.dll
0x00007fffcc850000 - 0x00007fffcc884000 	C:\WINDOWS\system32\rsaenh.dll
0x00007fffcda70000 - 0x00007fffcda97000 	C:\WINDOWS\System32\bcrypt.dll
0x00007fffcd6a0000 - 0x00007fffcd6ce000 	C:\WINDOWS\SYSTEM32\USERENV.dll
0x00007fffcd0a0000 - 0x00007fffcd0ac000 	C:\WINDOWS\SYSTEM32\CRYPTBASE.dll
0x00007fffccba0000 - 0x00007fffccbdb000 	C:\WINDOWS\SYSTEM32\IPHLPAPI.DLL
0x00007fffceff0000 - 0x00007fffceff8000 	C:\WINDOWS\System32\NSI.dll
0x00007fffc2590000 - 0x00007fffc25a7000 	C:\WINDOWS\SYSTEM32\dhcpcsvc6.DLL
0x00007fffc2660000 - 0x00007fffc267d000 	C:\WINDOWS\SYSTEM32\dhcpcsvc.DLL
0x00007fffccbe0000 - 0x00007fffcccac000 	C:\WINDOWS\SYSTEM32\DNSAPI.dll
0x00007fffc34d0000 - 0x00007fffc34db000 	C:\WINDOWS\SYSTEM32\WINNSI.DLL

dbghelp: loaded successfully - version: 4.0.5 - missing functions: none
symbol engine: initialized successfully - sym options: 0x614 - pdb path: .;C:\Program Files\Java\jdk-12.0.2\bin;C:\WINDOWS\SYSTEM32;C:\WINDOWS\WinSxS\amd64_microsoft.windows.common-controls_6595b64144ccf1df_6.0.19041.844_none_ca00b6081b84eb1d;C:\Program Files\Java\jdk-12.0.2\bin\server;C:\Users\≈ÎËÁ‡‚ÂÚ‡\.gradle\native\fdc75f09e3144964f2cf3f50f0aa648679c211496f362492102eb8c894070792\windows-amd64;C:\Users\≈ÎËÁ‡‚ÂÚ‡\.gradle\native\12488b8bf47d2d4c9fbf2f6322a914ad602e24e48041cd04a747c6da556b65c4\windows-amd64

VM Arguments:
jvm_args: --add-opens=java.base/java.util=ALL-UNNAMED --add-opens=java.base/java.lang=ALL-UNNAMED --add-opens=java.base/java.lang.invoke=ALL-UNNAMED --add-opens=java.prefs/java.util.prefs=ALL-UNNAMED -XX:MaxMetaspaceSize=256m -XX:+HeapDumpOnOutOfMemoryError -Xms256m -Xmx512m -Dfile.encoding=windows-1251 -Duser.country=RU -Duser.language=ru -Duser.variant 
java_command: org.gradle.launcher.daemon.bootstrap.GradleDaemon 6.7
java_class_path (initial): C:\Users\≈ÎËÁ‡‚ÂÚ‡\.gradle\wrapper\dists\gradle-6.7-bin\efvqh8uyq79v2n7rcncuhu9sv\gradle-6.7\lib\gradle-launcher-6.7.jar
Launcher Type: SUN_STANDARD

[Global flags]
     intx CICompilerCount                          = 4                                         {product} {ergonomic}
   size_t CompressedClassSpaceSize                 = 260046848                                 {product} {ergonomic}
     uint ConcGCThreads                            = 2                                         {product} {ergonomic}
     uint G1ConcRefinementThreads                  = 8                                         {product} {ergonomic}
   size_t G1HeapRegionSize                         = 1048576                                   {product} {ergonomic}
    uintx GCDrainStackTargetSize                   = 64                                        {product} {ergonomic}
     bool HeapDumpOnOutOfMemoryError               = true                                   {manageable} {command line}
   size_t InitialHeapSize                          = 268435456                                 {product} {command line}
   size_t MarkStackSize                            = 4194304                                   {product} {ergonomic}
   size_t MaxHeapSize                              = 536870912                                 {product} {command line}
   size_t MaxMetaspaceSize                         = 268435456                                 {product} {command line}
   size_t MaxNewSize                               = 321912832                                 {product} {ergonomic}
   size_t MinHeapDeltaBytes                        = 1048576                                   {product} {ergonomic}
    uintx NonNMethodCodeHeapSize                   = 5836300                                {pd product} {ergonomic}
    uintx NonProfiledCodeHeapSize                  = 122910970                              {pd product} {ergonomic}
    uintx ProfiledCodeHeapSize                     = 122910970                              {pd product} {ergonomic}
    uintx ReservedCodeCacheSize                    = 251658240                              {pd product} {ergonomic}
     bool SegmentedCodeCache                       = true                                      {product} {ergonomic}
     bool UseCompressedClassPointers               = true                                 {lp64_product} {ergonomic}
     bool UseCompressedOops                        = true                                 {lp64_product} {ergonomic}
     bool UseG1GC                                  = true                                      {product} {ergonomic}
     bool UseLargePagesIndividualAllocation        = false                                  {pd product} {ergonomic}

Logging:
Log output configuration:
 #0: stdout all=warning uptime,level,tags
 #1: stderr all=off uptime,level,tags

Environment Variables:
JAVA_HOME=C:\Program Files\Java\jdk-12.0.2\
PATH=C:\Program Files (x86)\Embarcadero\Studio\20.0\bin;C:\Users\Public\Documents\Embarcadero\Studio\20.0\Bpl;C:\Program Files (x86)\Embarcadero\Studio\20.0\bin64;C:\Users\Public\Documents\Embarcadero\Studio\20.0\Bpl\Win64;C:\Program Files\Java\jdk-14\bin;C:\Program Files (x86)\Common Files\Oracle\Java\javapath;C:\WINDOWS\system32;C:\WINDOWS;C:\WINDOWS\System32\Wbem;C:\WINDOWS\System32\WindowsPowerShell\v1.0\;C:\WINDOWS\System32\OpenSSH\;C:\Program Files\Java\jdk-12.0.2\\bin;C:\Program Files\Microsoft SQL Server\130\Tools\Binn\;C:\Program Files\Microsoft SQL Server\Client SDK\ODBC\170\Tools\Binn\;C:\Program Files (x86)\Windows Kits\10\Windows Performance Toolkit\;C:\Program Files\dotnet\;C:\Program Files (x86)\CodeBlocks\MinGW\bin;C:\GnuWin32\bin;C:\Program Files (x86)\Brackets\command;C:\Program Files\nodejs\;C:\Program Files (x86)\Yarn\bin\;C:\Users\≈ÎËÁ‡‚ÂÚ‡\AppData\Local\Microsoft\WindowsApps;C:\Users\≈ÎËÁ‡‚ÂÚ‡\.dotnet\tools;C:\Users\≈ÎËÁ‡‚ÂÚ‡\AppData\Roaming\npm;C:\Users\≈ÎËÁ‡‚ÂÚ‡\AppData\Local\Yarn\bin
USERNAME=≈ÎËÁ‡‚ÂÚ‡
OS=Windows_NT
PROCESSOR_IDENTIFIER=Intel64 Family 6 Model 142 Stepping 11, GenuineIntel



---------------  S Y S T E M  ---------------

OS: Windows 10 , 64 bit Build 19041 (10.0.19041.928)

CPU:total 8 (initial active 8) (4 cores per cpu, 2 threads per core) family 6 model 142 stepping 11, cmov, cx8, fxsr, mmx, sse, sse2, sse3, ssse3, sse4.1, sse4.2, popcnt, avx, avx2, aes, clmul, erms, 3dnowpref, lzcnt, ht, tsc, tscinvbit, bmi1, bmi2, adx, fma

Memory: 4k page, system-wide physical 8040M (267M free)
TotalPageFile size 8840M (AvailPageFile size 24M)
current process WorkingSet (physical memory assigned to process): 340M, peak: 343M
current process commit charge ("private bytes"): 448M, peak: 450M

vm_info: Java HotSpot(TM) 64-Bit Server VM (12.0.2+10) for windows-amd64 JRE (12.0.2+10), built on Jul 16 2019 01:56:17 by "mach5one" with MS VC++ 15.5 (VS2017)

END.
